15:11:20 | [volleyball_annot_loader.py] | INFO: 0/57 - Processing Dir /kaggle/input/volleyball/volleyball_/videos/0
15:11:23 | [volleyball_annot_loader.py] | INFO: 1/57 - Processing Dir /kaggle/input/volleyball/volleyball_/videos/1
15:11:24 | [volleyball_annot_loader.py] | INFO: 2/57 - Processing Dir /kaggle/input/volleyball/volleyball_/videos/10
15:11:25 | [volleyball_annot_loader.py] | INFO: 3/57 - Processing Dir /kaggle/input/volleyball/volleyball_/videos/11
15:11:27 | [volleyball_annot_loader.py] | INFO: 4/57 - Processing Dir /kaggle/input/volleyball/volleyball_/videos/12
15:11:28 | [volleyball_annot_loader.py] | INFO: 5/57 - Processing Dir /kaggle/input/volleyball/volleyball_/videos/13
15:11:29 | [volleyball_annot_loader.py] | INFO: 6/57 - Processing Dir /kaggle/input/volleyball/volleyball_/videos/14
15:11:31 | [volleyball_annot_loader.py] | INFO: 7/57 - Processing Dir /kaggle/input/volleyball/volleyball_/videos/15
15:11:32 | [volleyball_annot_loader.py] | INFO: 8/57 - Processing Dir /kaggle/input/volleyball/volleyball_/videos/16
15:11:33 | [volleyball_annot_loader.py] | INFO: 9/57 - Processing Dir /kaggle/input/volleyball/volleyball_/videos/17
15:11:35 | [volleyball_annot_loader.py] | INFO: 10/57 - Processing Dir /kaggle/input/volleyball/volleyball_/videos/18
15:11:36 | [volleyball_annot_loader.py] | INFO: 11/57 - Processing Dir /kaggle/input/volleyball/volleyball_/videos/19
15:11:37 | [volleyball_annot_loader.py] | INFO: 12/57 - Processing Dir /kaggle/input/volleyball/volleyball_/videos/2
15:11:38 | [volleyball_annot_loader.py] | INFO: 13/57 - Processing Dir /kaggle/input/volleyball/volleyball_/videos/20
15:11:39 | [volleyball_annot_loader.py] | INFO: 14/57 - Processing Dir /kaggle/input/volleyball/volleyball_/videos/21
15:11:41 | [volleyball_annot_loader.py] | INFO: 15/57 - Processing Dir /kaggle/input/volleyball/volleyball_/videos/22
15:11:42 | [volleyball_annot_loader.py] | INFO: 16/57 - Processing Dir /kaggle/input/volleyball/volleyball_/videos/23
15:11:43 | [volleyball_annot_loader.py] | INFO: 17/57 - Processing Dir /kaggle/input/volleyball/volleyball_/videos/24
15:11:44 | [volleyball_annot_loader.py] | INFO: 18/57 - Processing Dir /kaggle/input/volleyball/volleyball_/videos/25
15:11:45 | [volleyball_annot_loader.py] | INFO: 19/57 - Processing Dir /kaggle/input/volleyball/volleyball_/videos/26
15:11:47 | [volleyball_annot_loader.py] | INFO: 20/57 - Processing Dir /kaggle/input/volleyball/volleyball_/videos/27
15:11:48 | [volleyball_annot_loader.py] | INFO: 21/57 - Processing Dir /kaggle/input/volleyball/volleyball_/videos/28
15:11:49 | [volleyball_annot_loader.py] | INFO: 22/57 - Processing Dir /kaggle/input/volleyball/volleyball_/videos/29
15:11:51 | [volleyball_annot_loader.py] | INFO: 23/57 - Processing Dir /kaggle/input/volleyball/volleyball_/videos/3
15:11:53 | [volleyball_annot_loader.py] | INFO: 24/57 - Processing Dir /kaggle/input/volleyball/volleyball_/videos/30
15:11:54 | [volleyball_annot_loader.py] | INFO: 25/57 - Processing Dir /kaggle/input/volleyball/volleyball_/videos/31
15:11:55 | [volleyball_annot_loader.py] | INFO: 26/57 - Processing Dir /kaggle/input/volleyball/volleyball_/videos/32
15:11:56 | [volleyball_annot_loader.py] | INFO: 27/57 - Processing Dir /kaggle/input/volleyball/volleyball_/videos/33
15:11:58 | [volleyball_annot_loader.py] | INFO: 28/57 - Processing Dir /kaggle/input/volleyball/volleyball_/videos/34
15:11:59 | [volleyball_annot_loader.py] | INFO: 29/57 - Processing Dir /kaggle/input/volleyball/volleyball_/videos/35
15:12:00 | [volleyball_annot_loader.py] | INFO: 30/57 - Processing Dir /kaggle/input/volleyball/volleyball_/videos/36
15:12:01 | [volleyball_annot_loader.py] | INFO: 31/57 - Processing Dir /kaggle/input/volleyball/volleyball_/videos/37
15:12:01 | [volleyball_annot_loader.py] | INFO: 32/57 - Processing Dir /kaggle/input/volleyball/volleyball_/videos/38
15:12:02 | [volleyball_annot_loader.py] | INFO: 33/57 - Processing Dir /kaggle/input/volleyball/volleyball_/videos/39
15:12:03 | [volleyball_annot_loader.py] | INFO: 34/57 - Processing Dir /kaggle/input/volleyball/volleyball_/videos/4
15:12:04 | [volleyball_annot_loader.py] | INFO: 35/57 - Processing Dir /kaggle/input/volleyball/volleyball_/videos/40
15:12:05 | [volleyball_annot_loader.py] | INFO: 36/57 - Processing Dir /kaggle/input/volleyball/volleyball_/videos/41
15:12:05 | [volleyball_annot_loader.py] | INFO: 37/57 - Processing Dir /kaggle/input/volleyball/volleyball_/videos/42
15:12:07 | [volleyball_annot_loader.py] | INFO: 38/57 - Processing Dir /kaggle/input/volleyball/volleyball_/videos/43
15:12:08 | [volleyball_annot_loader.py] | INFO: 39/57 - Processing Dir /kaggle/input/volleyball/volleyball_/videos/44
15:12:09 | [volleyball_annot_loader.py] | INFO: 40/57 - Processing Dir /kaggle/input/volleyball/volleyball_/videos/45
15:12:09 | [volleyball_annot_loader.py] | INFO: 41/57 - Processing Dir /kaggle/input/volleyball/volleyball_/videos/46
15:12:11 | [volleyball_annot_loader.py] | INFO: 42/57 - Processing Dir /kaggle/input/volleyball/volleyball_/videos/47
15:12:12 | [volleyball_annot_loader.py] | INFO: 43/57 - Processing Dir /kaggle/input/volleyball/volleyball_/videos/48
15:12:13 | [volleyball_annot_loader.py] | INFO: 44/57 - Processing Dir /kaggle/input/volleyball/volleyball_/videos/49
15:12:14 | [volleyball_annot_loader.py] | INFO: 45/57 - Processing Dir /kaggle/input/volleyball/volleyball_/videos/5
15:12:15 | [volleyball_annot_loader.py] | INFO: 46/57 - Processing Dir /kaggle/input/volleyball/volleyball_/videos/50
15:12:16 | [volleyball_annot_loader.py] | INFO: 47/57 - Processing Dir /kaggle/input/volleyball/volleyball_/videos/51
15:12:17 | [volleyball_annot_loader.py] | INFO: 48/57 - Processing Dir /kaggle/input/volleyball/volleyball_/videos/52
15:12:19 | [volleyball_annot_loader.py] | INFO: 49/57 - Processing Dir /kaggle/input/volleyball/volleyball_/videos/53
15:12:20 | [volleyball_annot_loader.py] | INFO: 50/57 - Processing Dir /kaggle/input/volleyball/volleyball_/videos/54
15:12:21 | [volleyball_annot_loader.py] | INFO: 51/57 - Processing Dir /kaggle/input/volleyball/volleyball_/videos/6
15:12:23 | [volleyball_annot_loader.py] | INFO: 52/57 - Processing Dir /kaggle/input/volleyball/volleyball_/videos/7
15:12:24 | [volleyball_annot_loader.py] | INFO: 53/57 - Processing Dir /kaggle/input/volleyball/volleyball_/videos/8
15:12:25 | [volleyball_annot_loader.py] | INFO: 54/57 - Processing Dir /kaggle/input/volleyball/volleyball_/videos/9
15:12:27 | [volleyball_annot_loader.py] | INFO: Saving processed annotations to data/video_annot.pth
15:12:31 | [volleyball_annot_loader.py] | INFO: Loading cached annotations from data/video_annot.pth
15:12:33 | [volleyball_annot_loader.py] | INFO: Loading cached annotations from data/video_annot.pth
15:12:45 | [train.py] | INFO: Epoch [1/20] | Step [1/34] | Loss: 2.1145
15:12:50 | [train.py] | INFO: Epoch [1/20] | Step [11/34] | Loss: 2.0288
15:12:58 | [train.py] | INFO: Epoch [1/20] | Step [21/34] | Loss: 2.0253
15:13:05 | [train.py] | INFO: Epoch [1/20] | Step [31/34] | Loss: 2.0466
15:13:07 | [train.py] | INFO: Train
15:13:07 | [train.py] | INFO: Loss : 2.0430
15:13:07 | [train.py] | INFO: ACC  : 16.91 %
15:13:07 | [train.py] | INFO: F1   : 8.25 %
15:13:07 | [train.py] | INFO: Validation
15:13:19 | [train.py] | INFO: Loss : 2.0248
15:13:19 | [train.py] | INFO: ACC  : 18.72 %
15:13:19 | [train.py] | INFO: F1   : 8.86 %

15:13:20 | [train.py] | INFO: New Best Model found at epoch 1

15:13:23 | [train.py] | INFO: Epoch [2/20] | Step [1/34] | Loss: 1.9808
15:13:29 | [train.py] | INFO: Epoch [2/20] | Step [11/34] | Loss: 2.0218
15:13:36 | [train.py] | INFO: Epoch [2/20] | Step [21/34] | Loss: 1.9438
15:13:41 | [train.py] | INFO: Epoch [2/20] | Step [31/34] | Loss: 1.9064
15:13:43 | [train.py] | INFO: Train
15:13:43 | [train.py] | INFO: Loss : 1.9800
15:13:43 | [train.py] | INFO: ACC  : 21.42 %
15:13:43 | [train.py] | INFO: F1   : 14.64 %
15:13:43 | [train.py] | INFO: Validation
15:13:52 | [train.py] | INFO: Loss : 1.9581
15:13:52 | [train.py] | INFO: ACC  : 20.28 %
15:13:52 | [train.py] | INFO: F1   : 10.44 %

15:13:52 | [train.py] | INFO: New Best Model found at epoch 2

15:13:55 | [train.py] | INFO: Epoch [3/20] | Step [1/34] | Loss: 1.8780
15:14:02 | [train.py] | INFO: Epoch [3/20] | Step [11/34] | Loss: 1.9802
15:14:08 | [train.py] | INFO: Epoch [3/20] | Step [21/34] | Loss: 1.7435
15:14:14 | [train.py] | INFO: Epoch [3/20] | Step [31/34] | Loss: 1.5858
15:14:16 | [train.py] | INFO: Train
15:14:16 | [train.py] | INFO: Loss : 1.7743
15:14:16 | [train.py] | INFO: ACC  : 31.69 %
15:14:16 | [train.py] | INFO: F1   : 27.20 %
15:14:16 | [train.py] | INFO: Validation
15:14:25 | [train.py] | INFO: Loss : 1.6046
15:14:25 | [train.py] | INFO: ACC  : 36.24 %
15:14:25 | [train.py] | INFO: F1   : 30.13 %

15:14:25 | [train.py] | INFO: New Best Model found at epoch 3

15:14:28 | [train.py] | INFO: Epoch [4/20] | Step [1/34] | Loss: 1.5479
15:14:34 | [train.py] | INFO: Epoch [4/20] | Step [11/34] | Loss: 1.2558
15:14:42 | [train.py] | INFO: Epoch [4/20] | Step [21/34] | Loss: 1.1296
15:14:47 | [train.py] | INFO: Epoch [4/20] | Step [31/34] | Loss: 1.2449
15:14:49 | [train.py] | INFO: Train
15:14:49 | [train.py] | INFO: Loss : 1.2522
15:14:49 | [train.py] | INFO: ACC  : 53.11 %
15:14:49 | [train.py] | INFO: F1   : 51.70 %
15:14:49 | [train.py] | INFO: Validation
15:14:58 | [train.py] | INFO: Loss : 1.2069
15:14:58 | [train.py] | INFO: ACC  : 59.58 %
15:14:58 | [train.py] | INFO: F1   : 57.31 %

15:14:58 | [train.py] | INFO: New Best Model found at epoch 4

15:15:01 | [train.py] | INFO: Epoch [5/20] | Step [1/34] | Loss: 1.2267
15:15:07 | [train.py] | INFO: Epoch [5/20] | Step [11/34] | Loss: 1.0846
15:15:15 | [train.py] | INFO: Epoch [5/20] | Step [21/34] | Loss: 1.0165
15:15:21 | [train.py] | INFO: Epoch [5/20] | Step [31/34] | Loss: 0.9258
15:15:22 | [train.py] | INFO: Train
15:15:22 | [train.py] | INFO: Loss : 0.9126
15:15:22 | [train.py] | INFO: ACC  : 67.43 %
15:15:22 | [train.py] | INFO: F1   : 66.54 %
15:15:22 | [train.py] | INFO: Validation
15:15:31 | [train.py] | INFO: Loss : 1.0005
15:15:31 | [train.py] | INFO: ACC  : 64.21 %
15:15:31 | [train.py] | INFO: F1   : 64.29 %

15:15:31 | [train.py] | INFO: New Best Model found at epoch 5

15:15:35 | [train.py] | INFO: Epoch [6/20] | Step [1/34] | Loss: 0.5504
15:15:40 | [train.py] | INFO: Epoch [6/20] | Step [11/34] | Loss: 0.7505
15:15:48 | [train.py] | INFO: Epoch [6/20] | Step [21/34] | Loss: 0.5362
15:15:54 | [train.py] | INFO: Epoch [6/20] | Step [31/34] | Loss: 0.7182
15:15:55 | [train.py] | INFO: Train
15:15:55 | [train.py] | INFO: Loss : 0.6727
15:15:55 | [train.py] | INFO: ACC  : 75.28 %
15:15:55 | [train.py] | INFO: F1   : 75.18 %
15:15:55 | [train.py] | INFO: Validation
15:16:04 | [train.py] | INFO: Loss : 0.9429
15:16:04 | [train.py] | INFO: ACC  : 67.26 %
15:16:04 | [train.py] | INFO: F1   : 66.89 %

15:16:04 | [train.py] | INFO: New Best Model found at epoch 6

15:16:07 | [train.py] | INFO: Epoch [7/20] | Step [1/34] | Loss: 0.4347
15:16:13 | [train.py] | INFO: Epoch [7/20] | Step [11/34] | Loss: 0.4160
15:16:21 | [train.py] | INFO: Epoch [7/20] | Step [21/34] | Loss: 0.6080
15:16:27 | [train.py] | INFO: Epoch [7/20] | Step [31/34] | Loss: 0.6024
15:16:28 | [train.py] | INFO: Train
15:16:28 | [train.py] | INFO: Loss : 0.5801
15:16:28 | [train.py] | INFO: ACC  : 79.93 %
15:16:28 | [train.py] | INFO: F1   : 79.87 %
15:16:28 | [train.py] | INFO: Validation
15:16:37 | [train.py] | INFO: Loss : 0.9028
15:16:37 | [train.py] | INFO: ACC  : 69.65 %
15:16:37 | [train.py] | INFO: F1   : 69.60 %

15:16:38 | [train.py] | INFO: New Best Model found at epoch 7

15:16:41 | [train.py] | INFO: Epoch [8/20] | Step [1/34] | Loss: 0.4695
15:16:47 | [train.py] | INFO: Epoch [8/20] | Step [11/34] | Loss: 0.4128
15:16:54 | [train.py] | INFO: Epoch [8/20] | Step [21/34] | Loss: 0.3584
15:17:00 | [train.py] | INFO: Epoch [8/20] | Step [31/34] | Loss: 0.4466
15:17:01 | [train.py] | INFO: Train
15:17:01 | [train.py] | INFO: Loss : 0.4595
15:17:01 | [train.py] | INFO: ACC  : 83.97 %
15:17:01 | [train.py] | INFO: F1   : 83.94 %
15:17:01 | [train.py] | INFO: Validation
15:17:10 | [train.py] | INFO: Loss : 0.9746
15:17:10 | [train.py] | INFO: ACC  : 70.17 %
15:17:10 | [train.py] | INFO: F1   : 70.09 %

15:17:13 | [train.py] | INFO: Epoch [9/20] | Step [1/34] | Loss: 0.5742
15:17:19 | [train.py] | INFO: Epoch [9/20] | Step [11/34] | Loss: 0.4357
15:17:26 | [train.py] | INFO: Epoch [9/20] | Step [21/34] | Loss: 0.2436
15:17:32 | [train.py] | INFO: Epoch [9/20] | Step [31/34] | Loss: 0.2460
15:17:34 | [train.py] | INFO: Train
15:17:34 | [train.py] | INFO: Loss : 0.3656
15:17:34 | [train.py] | INFO: ACC  : 87.31 %
15:17:34 | [train.py] | INFO: F1   : 87.29 %
15:17:34 | [train.py] | INFO: Validation
15:17:43 | [train.py] | INFO: Loss : 0.9273
15:17:43 | [train.py] | INFO: ACC  : 73.08 %
15:17:43 | [train.py] | INFO: F1   : 72.70 %

15:17:46 | [train.py] | INFO: Epoch [10/20] | Step [1/34] | Loss: 0.4025
15:17:52 | [train.py] | INFO: Epoch [10/20] | Step [11/34] | Loss: 0.3388
15:17:59 | [train.py] | INFO: Epoch [10/20] | Step [21/34] | Loss: 0.4008
15:18:05 | [train.py] | INFO: Epoch [10/20] | Step [31/34] | Loss: 0.3429
15:18:07 | [train.py] | INFO: Train
15:18:07 | [train.py] | INFO: Loss : 0.3140
15:18:07 | [train.py] | INFO: ACC  : 88.80 %
15:18:07 | [train.py] | INFO: F1   : 88.78 %
15:18:07 | [train.py] | INFO: Validation
15:18:15 | [train.py] | INFO: Loss : 1.1194
15:18:15 | [train.py] | INFO: ACC  : 69.65 %
15:18:15 | [train.py] | INFO: F1   : 70.12 %

15:18:15 | [train.py] | WARNING: Early stopping triggered at epoch 10

15:18:15 | [train.py] | INFO: Best Model found at epoch 7

15:18:15 | [b1_train.py] | INFO: Test
15:18:28 | [b1_train.py] | INFO: Loss : 0.9005
15:18:28 | [b1_train.py] | INFO: ACC  : 73.45 %
15:18:28 | [b1_train.py] | INFO: F1   : 73.83 %

15:18:28 | [b1_train.py] | INFO: Create Report in outputs/B1
15:18:28 | [b1_train.py] | INFO: Create Confusion Matrix in outputs/B1
