09:36:17 | [volleyball_annot_loader.py] | INFO: Loading cached annotations from /kaggle/input/notebooks/myahiia/dataset-annot-loader/data/video_annot.pth
09:36:20 | [volleyball_annot_loader.py] | INFO: Loading cached annotations from /kaggle/input/notebooks/myahiia/dataset-annot-loader/data/video_annot.pth
09:36:23 | [volleyball_annot_loader.py] | INFO: Loading cached annotations from /kaggle/input/notebooks/myahiia/dataset-annot-loader/data/video_annot.pth
09:36:32 | [b3_player_classifier_train.py] | INFO: Epoch [1/10] | Step [1/1076] | Loss: 2.1850
09:37:05 | [b3_player_classifier_train.py] | INFO: Epoch [1/10] | Step [201/1076] | Loss: 0.9350
09:37:38 | [b3_player_classifier_train.py] | INFO: Epoch [1/10] | Step [401/1076] | Loss: 1.1280
09:38:12 | [b3_player_classifier_train.py] | INFO: Epoch [1/10] | Step [601/1076] | Loss: 0.6972
09:38:46 | [b3_player_classifier_train.py] | INFO: Epoch [1/10] | Step [801/1076] | Loss: 0.7719
09:39:20 | [b3_player_classifier_train.py] | INFO: Epoch [1/10] | Step [1001/1076] | Loss: 0.8425
09:39:34 | [b3_player_classifier_train.py] | INFO: Train
09:39:34 | [b3_player_classifier_train.py] | INFO: Loss : 1.0130
09:39:34 | [b3_player_classifier_train.py] | INFO: ACC  : 73.35 %
09:39:34 | [b3_player_classifier_train.py] | INFO: F1   : 67.10 %
09:39:34 | [b3_player_classifier_train.py] | INFO: Validation
09:40:20 | [b3_player_classifier_train.py] | INFO: Loss : 0.9629
09:40:20 | [b3_player_classifier_train.py] | INFO: ACC  : 73.43 %
09:40:20 | [b3_player_classifier_train.py] | INFO: F1   : 71.28 %

09:40:20 | [b3_player_classifier_train.py] | INFO: New Best Model found at epoch 1

09:40:21 | [b3_player_classifier_train.py] | INFO: Epoch [2/10] | Step [1/1076] | Loss: 0.6866
09:40:55 | [b3_player_classifier_train.py] | INFO: Epoch [2/10] | Step [201/1076] | Loss: 0.9109
09:41:29 | [b3_player_classifier_train.py] | INFO: Epoch [2/10] | Step [401/1076] | Loss: 0.9206
09:42:04 | [b3_player_classifier_train.py] | INFO: Epoch [2/10] | Step [601/1076] | Loss: 0.5712
09:42:38 | [b3_player_classifier_train.py] | INFO: Epoch [2/10] | Step [801/1076] | Loss: 1.0295
09:43:12 | [b3_player_classifier_train.py] | INFO: Epoch [2/10] | Step [1001/1076] | Loss: 0.7743
09:43:25 | [b3_player_classifier_train.py] | INFO: Train
09:43:25 | [b3_player_classifier_train.py] | INFO: Loss : 0.7791
09:43:25 | [b3_player_classifier_train.py] | INFO: ACC  : 79.86 %
09:43:25 | [b3_player_classifier_train.py] | INFO: F1   : 77.44 %
09:43:25 | [b3_player_classifier_train.py] | INFO: Validation
09:44:09 | [b3_player_classifier_train.py] | INFO: Loss : 0.9111
09:44:09 | [b3_player_classifier_train.py] | INFO: ACC  : 74.81 %
09:44:09 | [b3_player_classifier_train.py] | INFO: F1   : 73.10 %

09:44:10 | [b3_player_classifier_train.py] | INFO: New Best Model found at epoch 2

09:44:11 | [b3_player_classifier_train.py] | INFO: Epoch [3/10] | Step [1/1076] | Loss: 0.4265
09:44:46 | [b3_player_classifier_train.py] | INFO: Epoch [3/10] | Step [201/1076] | Loss: 0.5379
09:45:20 | [b3_player_classifier_train.py] | INFO: Epoch [3/10] | Step [401/1076] | Loss: 0.9980
09:45:55 | [b3_player_classifier_train.py] | INFO: Epoch [3/10] | Step [601/1076] | Loss: 0.6234
09:46:29 | [b3_player_classifier_train.py] | INFO: Epoch [3/10] | Step [801/1076] | Loss: 0.7773
09:47:03 | [b3_player_classifier_train.py] | INFO: Epoch [3/10] | Step [1001/1076] | Loss: 0.9226
09:47:16 | [b3_player_classifier_train.py] | INFO: Train
09:47:16 | [b3_player_classifier_train.py] | INFO: Loss : 0.6936
09:47:16 | [b3_player_classifier_train.py] | INFO: ACC  : 83.21 %
09:47:16 | [b3_player_classifier_train.py] | INFO: F1   : 81.68 %
09:47:16 | [b3_player_classifier_train.py] | INFO: Validation
09:48:02 | [b3_player_classifier_train.py] | INFO: Loss : 0.8628
09:48:02 | [b3_player_classifier_train.py] | INFO: ACC  : 76.71 %
09:48:02 | [b3_player_classifier_train.py] | INFO: F1   : 75.22 %

09:48:02 | [b3_player_classifier_train.py] | INFO: New Best Model found at epoch 3

09:48:03 | [b3_player_classifier_train.py] | INFO: Epoch [4/10] | Step [1/1076] | Loss: 0.8311
09:48:37 | [b3_player_classifier_train.py] | INFO: Epoch [4/10] | Step [201/1076] | Loss: 0.5658
09:49:12 | [b3_player_classifier_train.py] | INFO: Epoch [4/10] | Step [401/1076] | Loss: 0.5921
09:49:46 | [b3_player_classifier_train.py] | INFO: Epoch [4/10] | Step [601/1076] | Loss: 0.5360
09:50:20 | [b3_player_classifier_train.py] | INFO: Epoch [4/10] | Step [801/1076] | Loss: 0.4554
09:50:56 | [b3_player_classifier_train.py] | INFO: Epoch [4/10] | Step [1001/1076] | Loss: 0.3561
09:51:09 | [b3_player_classifier_train.py] | INFO: Train
09:51:09 | [b3_player_classifier_train.py] | INFO: Loss : 0.6221
09:51:09 | [b3_player_classifier_train.py] | INFO: ACC  : 85.99 %
09:51:09 | [b3_player_classifier_train.py] | INFO: F1   : 84.92 %
09:51:09 | [b3_player_classifier_train.py] | INFO: Validation
09:51:53 | [b3_player_classifier_train.py] | INFO: Loss : 0.8814
09:51:53 | [b3_player_classifier_train.py] | INFO: ACC  : 76.19 %
09:51:53 | [b3_player_classifier_train.py] | INFO: F1   : 75.12 %

09:51:54 | [b3_player_classifier_train.py] | INFO: Epoch [5/10] | Step [1/1076] | Loss: 0.3997
09:52:28 | [b3_player_classifier_train.py] | INFO: Epoch [5/10] | Step [201/1076] | Loss: 0.3812
09:53:02 | [b3_player_classifier_train.py] | INFO: Epoch [5/10] | Step [401/1076] | Loss: 0.8232
09:53:37 | [b3_player_classifier_train.py] | INFO: Epoch [5/10] | Step [601/1076] | Loss: 0.5411
09:54:12 | [b3_player_classifier_train.py] | INFO: Epoch [5/10] | Step [801/1076] | Loss: 0.8402
09:54:46 | [b3_player_classifier_train.py] | INFO: Epoch [5/10] | Step [1001/1076] | Loss: 0.7103
09:54:59 | [b3_player_classifier_train.py] | INFO: Train
09:54:59 | [b3_player_classifier_train.py] | INFO: Loss : 0.5546
09:54:59 | [b3_player_classifier_train.py] | INFO: ACC  : 88.80 %
09:54:59 | [b3_player_classifier_train.py] | INFO: F1   : 88.04 %
09:54:59 | [b3_player_classifier_train.py] | INFO: Validation
09:55:43 | [b3_player_classifier_train.py] | INFO: Loss : 0.9017
09:55:43 | [b3_player_classifier_train.py] | INFO: ACC  : 74.98 %
09:55:43 | [b3_player_classifier_train.py] | INFO: F1   : 74.41 %

09:55:44 | [b3_player_classifier_train.py] | INFO: Epoch [6/10] | Step [1/1076] | Loss: 0.4821
09:56:18 | [b3_player_classifier_train.py] | INFO: Epoch [6/10] | Step [201/1076] | Loss: 0.5372
09:56:53 | [b3_player_classifier_train.py] | INFO: Epoch [6/10] | Step [401/1076] | Loss: 0.3568
09:57:27 | [b3_player_classifier_train.py] | INFO: Epoch [6/10] | Step [601/1076] | Loss: 0.4840
09:58:01 | [b3_player_classifier_train.py] | INFO: Epoch [6/10] | Step [801/1076] | Loss: 0.4357
09:58:36 | [b3_player_classifier_train.py] | INFO: Epoch [6/10] | Step [1001/1076] | Loss: 0.5303
09:58:49 | [b3_player_classifier_train.py] | INFO: Train
09:58:49 | [b3_player_classifier_train.py] | INFO: Loss : 0.4968
09:58:49 | [b3_player_classifier_train.py] | INFO: ACC  : 91.36 %
09:58:49 | [b3_player_classifier_train.py] | INFO: F1   : 90.80 %
09:58:49 | [b3_player_classifier_train.py] | INFO: Validation
09:59:34 | [b3_player_classifier_train.py] | INFO: Loss : 0.9386
09:59:34 | [b3_player_classifier_train.py] | INFO: ACC  : 74.32 %
09:59:34 | [b3_player_classifier_train.py] | INFO: F1   : 73.78 %

09:59:34 | [b3_player_classifier_train.py] | WARNING: Early stopping triggered at epoch 6

09:59:34 | [b3_player_classifier_train.py] | INFO: Best Model found at epoch 3

09:59:34 | [b3_player_classifier_train.py] | INFO: Test
10:00:19 | [b3_player_classifier_train.py] | INFO: Loss : 0.8469
10:00:19 | [b3_player_classifier_train.py] | INFO: ACC  : 77.92 %
10:00:19 | [b3_player_classifier_train.py] | INFO: F1   : 77.08 %

10:00:19 | [b3_player_classifier_train.py] | INFO: Create Report in outputs/B3_Player_Classifier
10:00:19 | [b3_player_classifier_train.py] | INFO: Create Confusion Matrix in outputs/B3_Player_Classifier