09:14:53 | [volleyball_annot_loader.py] | INFO: 0/57 - Processing Dir /kaggle/input/datasets/ahmedmohamed365/volleyball/volleyball_/videos/0
09:14:56 | [volleyball_annot_loader.py] | INFO: 1/57 - Processing Dir /kaggle/input/datasets/ahmedmohamed365/volleyball/volleyball_/videos/1
09:14:58 | [volleyball_annot_loader.py] | INFO: 2/57 - Processing Dir /kaggle/input/datasets/ahmedmohamed365/volleyball/volleyball_/videos/10
09:15:00 | [volleyball_annot_loader.py] | INFO: 3/57 - Processing Dir /kaggle/input/datasets/ahmedmohamed365/volleyball/volleyball_/videos/11
09:15:01 | [volleyball_annot_loader.py] | INFO: 4/57 - Processing Dir /kaggle/input/datasets/ahmedmohamed365/volleyball/volleyball_/videos/12
09:15:03 | [volleyball_annot_loader.py] | INFO: 5/57 - Processing Dir /kaggle/input/datasets/ahmedmohamed365/volleyball/volleyball_/videos/13
09:15:05 | [volleyball_annot_loader.py] | INFO: 6/57 - Processing Dir /kaggle/input/datasets/ahmedmohamed365/volleyball/volleyball_/videos/14
09:15:06 | [volleyball_annot_loader.py] | INFO: 7/57 - Processing Dir /kaggle/input/datasets/ahmedmohamed365/volleyball/volleyball_/videos/15
09:15:08 | [volleyball_annot_loader.py] | INFO: 8/57 - Processing Dir /kaggle/input/datasets/ahmedmohamed365/volleyball/volleyball_/videos/16
09:15:09 | [volleyball_annot_loader.py] | INFO: 9/57 - Processing Dir /kaggle/input/datasets/ahmedmohamed365/volleyball/volleyball_/videos/17
09:15:11 | [volleyball_annot_loader.py] | INFO: 10/57 - Processing Dir /kaggle/input/datasets/ahmedmohamed365/volleyball/volleyball_/videos/18
09:15:12 | [volleyball_annot_loader.py] | INFO: 11/57 - Processing Dir /kaggle/input/datasets/ahmedmohamed365/volleyball/volleyball_/videos/19
09:15:13 | [volleyball_annot_loader.py] | INFO: 12/57 - Processing Dir /kaggle/input/datasets/ahmedmohamed365/volleyball/volleyball_/videos/2
09:15:14 | [volleyball_annot_loader.py] | INFO: 13/57 - Processing Dir /kaggle/input/datasets/ahmedmohamed365/volleyball/volleyball_/videos/20
09:15:16 | [volleyball_annot_loader.py] | INFO: 14/57 - Processing Dir /kaggle/input/datasets/ahmedmohamed365/volleyball/volleyball_/videos/21
09:15:17 | [volleyball_annot_loader.py] | INFO: 15/57 - Processing Dir /kaggle/input/datasets/ahmedmohamed365/volleyball/volleyball_/videos/22
09:15:19 | [volleyball_annot_loader.py] | INFO: 16/57 - Processing Dir /kaggle/input/datasets/ahmedmohamed365/volleyball/volleyball_/videos/23
09:15:20 | [volleyball_annot_loader.py] | INFO: 17/57 - Processing Dir /kaggle/input/datasets/ahmedmohamed365/volleyball/volleyball_/videos/24
09:15:21 | [volleyball_annot_loader.py] | INFO: 18/57 - Processing Dir /kaggle/input/datasets/ahmedmohamed365/volleyball/volleyball_/videos/25
09:15:23 | [volleyball_annot_loader.py] | INFO: 19/57 - Processing Dir /kaggle/input/datasets/ahmedmohamed365/volleyball/volleyball_/videos/26
09:15:24 | [volleyball_annot_loader.py] | INFO: 20/57 - Processing Dir /kaggle/input/datasets/ahmedmohamed365/volleyball/volleyball_/videos/27
09:15:25 | [volleyball_annot_loader.py] | INFO: 21/57 - Processing Dir /kaggle/input/datasets/ahmedmohamed365/volleyball/volleyball_/videos/28
09:15:27 | [volleyball_annot_loader.py] | INFO: 22/57 - Processing Dir /kaggle/input/datasets/ahmedmohamed365/volleyball/volleyball_/videos/29
09:15:28 | [volleyball_annot_loader.py] | INFO: 23/57 - Processing Dir /kaggle/input/datasets/ahmedmohamed365/volleyball/volleyball_/videos/3
09:15:31 | [volleyball_annot_loader.py] | INFO: 24/57 - Processing Dir /kaggle/input/datasets/ahmedmohamed365/volleyball/volleyball_/videos/30
09:15:32 | [volleyball_annot_loader.py] | INFO: 25/57 - Processing Dir /kaggle/input/datasets/ahmedmohamed365/volleyball/volleyball_/videos/31
09:15:34 | [volleyball_annot_loader.py] | INFO: 26/57 - Processing Dir /kaggle/input/datasets/ahmedmohamed365/volleyball/volleyball_/videos/32
09:15:36 | [volleyball_annot_loader.py] | INFO: 27/57 - Processing Dir /kaggle/input/datasets/ahmedmohamed365/volleyball/volleyball_/videos/33
09:15:37 | [volleyball_annot_loader.py] | INFO: 28/57 - Processing Dir /kaggle/input/datasets/ahmedmohamed365/volleyball/volleyball_/videos/34
09:15:38 | [volleyball_annot_loader.py] | INFO: 29/57 - Processing Dir /kaggle/input/datasets/ahmedmohamed365/volleyball/volleyball_/videos/35
09:15:39 | [volleyball_annot_loader.py] | INFO: 30/57 - Processing Dir /kaggle/input/datasets/ahmedmohamed365/volleyball/volleyball_/videos/36
09:15:41 | [volleyball_annot_loader.py] | INFO: 31/57 - Processing Dir /kaggle/input/datasets/ahmedmohamed365/volleyball/volleyball_/videos/37
09:15:42 | [volleyball_annot_loader.py] | INFO: 32/57 - Processing Dir /kaggle/input/datasets/ahmedmohamed365/volleyball/volleyball_/videos/38
09:15:43 | [volleyball_annot_loader.py] | INFO: 33/57 - Processing Dir /kaggle/input/datasets/ahmedmohamed365/volleyball/volleyball_/videos/39
09:15:44 | [volleyball_annot_loader.py] | INFO: 34/57 - Processing Dir /kaggle/input/datasets/ahmedmohamed365/volleyball/volleyball_/videos/4
09:15:46 | [volleyball_annot_loader.py] | INFO: 35/57 - Processing Dir /kaggle/input/datasets/ahmedmohamed365/volleyball/volleyball_/videos/40
09:15:47 | [volleyball_annot_loader.py] | INFO: 36/57 - Processing Dir /kaggle/input/datasets/ahmedmohamed365/volleyball/volleyball_/videos/41
09:15:47 | [volleyball_annot_loader.py] | INFO: 37/57 - Processing Dir /kaggle/input/datasets/ahmedmohamed365/volleyball/volleyball_/videos/42
09:15:49 | [volleyball_annot_loader.py] | INFO: 38/57 - Processing Dir /kaggle/input/datasets/ahmedmohamed365/volleyball/volleyball_/videos/43
09:15:50 | [volleyball_annot_loader.py] | INFO: 39/57 - Processing Dir /kaggle/input/datasets/ahmedmohamed365/volleyball/volleyball_/videos/44
09:15:51 | [volleyball_annot_loader.py] | INFO: 40/57 - Processing Dir /kaggle/input/datasets/ahmedmohamed365/volleyball/volleyball_/videos/45
09:15:52 | [volleyball_annot_loader.py] | INFO: 41/57 - Processing Dir /kaggle/input/datasets/ahmedmohamed365/volleyball/volleyball_/videos/46
09:15:53 | [volleyball_annot_loader.py] | INFO: 42/57 - Processing Dir /kaggle/input/datasets/ahmedmohamed365/volleyball/volleyball_/videos/47
09:15:54 | [volleyball_annot_loader.py] | INFO: 43/57 - Processing Dir /kaggle/input/datasets/ahmedmohamed365/volleyball/volleyball_/videos/48
09:15:55 | [volleyball_annot_loader.py] | INFO: 44/57 - Processing Dir /kaggle/input/datasets/ahmedmohamed365/volleyball/volleyball_/videos/49
09:15:57 | [volleyball_annot_loader.py] | INFO: 45/57 - Processing Dir /kaggle/input/datasets/ahmedmohamed365/volleyball/volleyball_/videos/5
09:15:58 | [volleyball_annot_loader.py] | INFO: 46/57 - Processing Dir /kaggle/input/datasets/ahmedmohamed365/volleyball/volleyball_/videos/50
09:16:00 | [volleyball_annot_loader.py] | INFO: 47/57 - Processing Dir /kaggle/input/datasets/ahmedmohamed365/volleyball/volleyball_/videos/51
09:16:01 | [volleyball_annot_loader.py] | INFO: 48/57 - Processing Dir /kaggle/input/datasets/ahmedmohamed365/volleyball/volleyball_/videos/52
09:16:03 | [volleyball_annot_loader.py] | INFO: 49/57 - Processing Dir /kaggle/input/datasets/ahmedmohamed365/volleyball/volleyball_/videos/53
09:16:04 | [volleyball_annot_loader.py] | INFO: 50/57 - Processing Dir /kaggle/input/datasets/ahmedmohamed365/volleyball/volleyball_/videos/54
09:16:05 | [volleyball_annot_loader.py] | INFO: 51/57 - Processing Dir /kaggle/input/datasets/ahmedmohamed365/volleyball/volleyball_/videos/6
09:16:07 | [volleyball_annot_loader.py] | INFO: 52/57 - Processing Dir /kaggle/input/datasets/ahmedmohamed365/volleyball/volleyball_/videos/7
09:16:09 | [volleyball_annot_loader.py] | INFO: 53/57 - Processing Dir /kaggle/input/datasets/ahmedmohamed365/volleyball/volleyball_/videos/8
09:16:11 | [volleyball_annot_loader.py] | INFO: 54/57 - Processing Dir /kaggle/input/datasets/ahmedmohamed365/volleyball/volleyball_/videos/9
09:16:12 | [volleyball_annot_loader.py] | INFO: Saving processed annotations to data/video_annot.pth
09:16:17 | [volleyball_annot_loader.py] | INFO: Loading cached annotations from data/video_annot.pth
09:16:19 | [volleyball_annot_loader.py] | INFO: Loading cached annotations from data/video_annot.pth
09:16:32 | [train.py] | INFO: Epoch [1/20] | Step [1/1076] | Loss: 2.2438
09:17:17 | [train.py] | INFO: Epoch [1/20] | Step [101/1076] | Loss: 1.9454
09:18:06 | [train.py] | INFO: Epoch [1/20] | Step [201/1076] | Loss: 1.7574
09:19:00 | [train.py] | INFO: Epoch [1/20] | Step [301/1076] | Loss: 1.2982
09:19:53 | [train.py] | INFO: Epoch [1/20] | Step [401/1076] | Loss: 1.0001
09:20:48 | [train.py] | INFO: Epoch [1/20] | Step [501/1076] | Loss: 1.5920
09:21:41 | [train.py] | INFO: Epoch [1/20] | Step [601/1076] | Loss: 0.9754
09:22:36 | [train.py] | INFO: Epoch [1/20] | Step [701/1076] | Loss: 1.2109
09:23:31 | [train.py] | INFO: Epoch [1/20] | Step [801/1076] | Loss: 0.7389
09:24:26 | [train.py] | INFO: Epoch [1/20] | Step [901/1076] | Loss: 1.2873
09:25:20 | [train.py] | INFO: Epoch [1/20] | Step [1001/1076] | Loss: 1.0786
09:26:02 | [train.py] | INFO: Train
09:26:02 | [train.py] | INFO: Loss : 1.4632
09:26:02 | [train.py] | INFO: ACC  : 44.98 %
09:26:02 | [train.py] | INFO: F1   : 43.94 %
09:26:02 | [train.py] | INFO: Validation
09:30:38 | [train.py] | INFO: Loss : 1.3204
09:30:38 | [train.py] | INFO: ACC  : 55.18 %
09:30:38 | [train.py] | INFO: F1   : 51.77 %

09:30:39 | [train.py] | INFO: New Best Model found at epoch 1

09:30:41 | [train.py] | INFO: Epoch [2/20] | Step [1/1076] | Loss: 0.6497
09:31:36 | [train.py] | INFO: Epoch [2/20] | Step [101/1076] | Loss: 1.7793
09:32:31 | [train.py] | INFO: Epoch [2/20] | Step [201/1076] | Loss: 0.7064
09:33:26 | [train.py] | INFO: Epoch [2/20] | Step [301/1076] | Loss: 0.9645
09:34:21 | [train.py] | INFO: Epoch [2/20] | Step [401/1076] | Loss: 1.1853
09:35:16 | [train.py] | INFO: Epoch [2/20] | Step [501/1076] | Loss: 0.3102
09:36:11 | [train.py] | INFO: Epoch [2/20] | Step [601/1076] | Loss: 0.3159
09:37:06 | [train.py] | INFO: Epoch [2/20] | Step [701/1076] | Loss: 0.5894
09:38:01 | [train.py] | INFO: Epoch [2/20] | Step [801/1076] | Loss: 0.4428
09:38:56 | [train.py] | INFO: Epoch [2/20] | Step [901/1076] | Loss: 1.6169
09:39:51 | [train.py] | INFO: Epoch [2/20] | Step [1001/1076] | Loss: 0.1511
09:40:32 | [train.py] | INFO: Train
09:40:32 | [train.py] | INFO: Loss : 0.7429
09:40:32 | [train.py] | INFO: ACC  : 77.97 %
09:40:32 | [train.py] | INFO: F1   : 76.85 %
09:40:32 | [train.py] | INFO: Validation
09:45:09 | [train.py] | INFO: Loss : 1.0496
09:45:09 | [train.py] | INFO: ACC  : 64.50 %
09:45:09 | [train.py] | INFO: F1   : 64.86 %

09:45:09 | [train.py] | INFO: New Best Model found at epoch 2

09:45:12 | [train.py] | INFO: Epoch [3/20] | Step [1/1076] | Loss: 0.1270
09:46:07 | [train.py] | INFO: Epoch [3/20] | Step [101/1076] | Loss: 0.1527
09:47:01 | [train.py] | INFO: Epoch [3/20] | Step [201/1076] | Loss: 0.1060
09:47:56 | [train.py] | INFO: Epoch [3/20] | Step [301/1076] | Loss: 0.1010
09:48:50 | [train.py] | INFO: Epoch [3/20] | Step [401/1076] | Loss: 1.0060
09:49:44 | [train.py] | INFO: Epoch [3/20] | Step [501/1076] | Loss: 0.4619
09:50:38 | [train.py] | INFO: Epoch [3/20] | Step [601/1076] | Loss: 0.0365
09:51:33 | [train.py] | INFO: Epoch [3/20] | Step [701/1076] | Loss: 0.6378
09:52:28 | [train.py] | INFO: Epoch [3/20] | Step [801/1076] | Loss: 0.0500
09:53:23 | [train.py] | INFO: Epoch [3/20] | Step [901/1076] | Loss: 0.0686
09:54:17 | [train.py] | INFO: Epoch [3/20] | Step [1001/1076] | Loss: 0.0371
09:54:58 | [train.py] | INFO: Train
09:54:58 | [train.py] | INFO: Loss : 0.4586
09:54:58 | [train.py] | INFO: ACC  : 84.90 %
09:54:58 | [train.py] | INFO: F1   : 84.43 %
09:54:58 | [train.py] | INFO: Validation
09:59:33 | [train.py] | INFO: Loss : 1.2574
09:59:33 | [train.py] | INFO: ACC  : 58.84 %
09:59:33 | [train.py] | INFO: F1   : 58.97 %

09:59:35 | [train.py] | INFO: Epoch [4/20] | Step [1/1076] | Loss: 0.2559
10:00:30 | [train.py] | INFO: Epoch [4/20] | Step [101/1076] | Loss: 0.7714
10:01:25 | [train.py] | INFO: Epoch [4/20] | Step [201/1076] | Loss: 0.3561
10:02:20 | [train.py] | INFO: Epoch [4/20] | Step [301/1076] | Loss: 0.6584
10:03:15 | [train.py] | INFO: Epoch [4/20] | Step [401/1076] | Loss: 2.5260
10:04:10 | [train.py] | INFO: Epoch [4/20] | Step [501/1076] | Loss: 0.0533
10:05:06 | [train.py] | INFO: Epoch [4/20] | Step [601/1076] | Loss: 0.0341
10:06:01 | [train.py] | INFO: Epoch [4/20] | Step [701/1076] | Loss: 0.3944
10:06:56 | [train.py] | INFO: Epoch [4/20] | Step [801/1076] | Loss: 0.2239
10:07:50 | [train.py] | INFO: Epoch [4/20] | Step [901/1076] | Loss: 2.4442
10:08:45 | [train.py] | INFO: Epoch [4/20] | Step [1001/1076] | Loss: 0.0170
10:09:27 | [train.py] | INFO: Train
10:09:27 | [train.py] | INFO: Loss : 0.3484
10:09:27 | [train.py] | INFO: ACC  : 88.34 %
10:09:27 | [train.py] | INFO: F1   : 88.01 %
10:09:27 | [train.py] | INFO: Validation
10:14:02 | [train.py] | INFO: Loss : 1.3365
10:14:02 | [train.py] | INFO: ACC  : 57.94 %
10:14:02 | [train.py] | INFO: F1   : 59.99 %

10:14:04 | [train.py] | INFO: Epoch [5/20] | Step [1/1076] | Loss: 0.5660
10:14:59 | [train.py] | INFO: Epoch [5/20] | Step [101/1076] | Loss: 0.8486
10:15:54 | [train.py] | INFO: Epoch [5/20] | Step [201/1076] | Loss: 0.3940
10:16:49 | [train.py] | INFO: Epoch [5/20] | Step [301/1076] | Loss: 0.2757
10:17:45 | [train.py] | INFO: Epoch [5/20] | Step [401/1076] | Loss: 0.1898
10:18:40 | [train.py] | INFO: Epoch [5/20] | Step [501/1076] | Loss: 1.0847
10:19:35 | [train.py] | INFO: Epoch [5/20] | Step [601/1076] | Loss: 0.5172
10:20:30 | [train.py] | INFO: Epoch [5/20] | Step [701/1076] | Loss: 2.7487
10:21:25 | [train.py] | INFO: Epoch [5/20] | Step [801/1076] | Loss: 0.5980
10:22:20 | [train.py] | INFO: Epoch [5/20] | Step [901/1076] | Loss: 0.0284
10:23:15 | [train.py] | INFO: Epoch [5/20] | Step [1001/1076] | Loss: 0.3194
10:23:56 | [train.py] | INFO: Train
10:23:56 | [train.py] | INFO: Loss : 0.3034
10:23:56 | [train.py] | INFO: ACC  : 89.54 %
10:23:56 | [train.py] | INFO: F1   : 89.29 %
10:23:56 | [train.py] | INFO: Validation
10:28:31 | [train.py] | INFO: Loss : 1.4720
10:28:31 | [train.py] | INFO: ACC  : 55.85 %
10:28:31 | [train.py] | INFO: F1   : 57.65 %

10:28:31 | [train.py] | WARNING: Early stopping triggered at epoch 5

10:28:31 | [train.py] | INFO: Best Model found at epoch 2

10:28:31 | [b5_group_classifier_temporal_train.py] | INFO: Test
10:36:42 | [b5_group_classifier_temporal_train.py] | INFO: Loss : 1.0962
10:36:42 | [b5_group_classifier_temporal_train.py] | INFO: ACC  : 62.83 %
10:36:42 | [b5_group_classifier_temporal_train.py] | INFO: F1   : 64.20 %

10:36:42 | [b5_group_classifier_temporal_train.py] | INFO: Create Report in outputs/B5_Group_Classifier_Temporal
10:36:42 | [b5_group_classifier_temporal_train.py] | INFO: Create Confusion Matrix in outputs/B5_Group_Classifier_Temporal
