17:44:07 | [volleyball_annot_loader.py] | INFO: Loading cached annotations from data\video_annot.pth
17:44:07 | [volleyball_annot_loader.py] | INFO: Loading cached annotations from data\video_annot.pth
17:44:07 | [volleyball_annot_loader.py] | INFO: Loading cached annotations from data\video_annot.pth
17:44:11 | [b5_player_classifier_temporal_train.py] | INFO: Epoch [1/3] | Step [1/70] | Loss: 2.1924
17:44:22 | [b5_player_classifier_temporal_train.py] | INFO: Train
17:44:22 | [b5_player_classifier_temporal_train.py] | INFO: Loss : 1.5509
17:44:22 | [b5_player_classifier_temporal_train.py] | INFO: ACC  : 68.45 %
17:44:22 | [b5_player_classifier_temporal_train.py] | INFO: F1   : 64.20 %
17:44:22 | [b5_player_classifier_temporal_train.py] | INFO: Validation
17:44:37 | [b5_player_classifier_temporal_train.py] | INFO: Loss : 1.5559
17:44:37 | [b5_player_classifier_temporal_train.py] | INFO: ACC  : 58.27 %
17:44:37 | [b5_player_classifier_temporal_train.py] | INFO: F1   : 60.00 %

17:44:37 | [b5_player_classifier_temporal_train.py] | INFO: New Best Model found at epoch 1

17:44:38 | [b5_player_classifier_temporal_train.py] | INFO: Epoch [2/3] | Step [1/70] | Loss: 1.1260
17:44:49 | [b5_player_classifier_temporal_train.py] | INFO: Train
17:44:49 | [b5_player_classifier_temporal_train.py] | INFO: Loss : 0.6697
17:44:49 | [b5_player_classifier_temporal_train.py] | INFO: ACC  : 72.02 %
17:44:49 | [b5_player_classifier_temporal_train.py] | INFO: F1   : 73.25 %
17:44:49 | [b5_player_classifier_temporal_train.py] | INFO: Validation
17:45:04 | [b5_player_classifier_temporal_train.py] | INFO: Loss : 1.7239
17:45:04 | [b5_player_classifier_temporal_train.py] | INFO: ACC  : 54.10 %
17:45:04 | [b5_player_classifier_temporal_train.py] | INFO: F1   : 58.07 %

17:45:04 | [b5_player_classifier_temporal_train.py] | INFO: Epoch [3/3] | Step [1/70] | Loss: 0.6466
17:45:15 | [b5_player_classifier_temporal_train.py] | INFO: Train
17:45:15 | [b5_player_classifier_temporal_train.py] | INFO: Loss : 0.5407
17:45:15 | [b5_player_classifier_temporal_train.py] | INFO: ACC  : 73.57 %
17:45:15 | [b5_player_classifier_temporal_train.py] | INFO: F1   : 75.25 %
17:45:15 | [b5_player_classifier_temporal_train.py] | INFO: Validation
17:45:30 | [b5_player_classifier_temporal_train.py] | INFO: Loss : 1.5595
17:45:30 | [b5_player_classifier_temporal_train.py] | INFO: ACC  : 46.67 %
17:45:30 | [b5_player_classifier_temporal_train.py] | INFO: F1   : 51.37 %

17:45:30 | [b5_player_classifier_temporal_train.py] | INFO: Best Model found at epoch 1

17:45:30 | [b5_player_classifier_temporal_train.py] | INFO: Test
17:45:45 | [b5_player_classifier_temporal_train.py] | INFO: Loss : 1.6031
17:45:45 | [b5_player_classifier_temporal_train.py] | INFO: ACC  : 39.12 %
17:45:45 | [b5_player_classifier_temporal_train.py] | INFO: F1   : 44.12 %

17:45:45 | [b5_player_classifier_temporal_train.py] | INFO: Create Report in outputs/B5_Player_Classifier_Temporal
17:45:45 | [b5_player_classifier_temporal_train.py] | INFO: Create Confusion Matrix in outputs/B5_Player_Classifier_Temporal
