21:11:25 | [volleyball_annot_loader.py] | INFO: Loading cached annotations from /kaggle/input/notebooks/myahiia/dataset-annot-loader/data/video_annot.pth
21:11:28 | [volleyball_annot_loader.py] | INFO: Loading cached annotations from /kaggle/input/notebooks/myahiia/dataset-annot-loader/data/video_annot.pth
21:11:30 | [volleyball_annot_loader.py] | INFO: Loading cached annotations from /kaggle/input/notebooks/myahiia/dataset-annot-loader/data/video_annot.pth
21:12:01 | [train.py] | INFO: Epoch [1/20] | Step [1/135] | Loss: 2.0689
21:15:05 | [train.py] | INFO: Epoch [1/20] | Step [51/135] | Loss: 1.5464
21:18:14 | [train.py] | INFO: Epoch [1/20] | Step [101/135] | Loss: 1.3878
21:20:18 | [train.py] | INFO: Train
21:20:18 | [train.py] | INFO: Loss : 1.6802
21:20:18 | [train.py] | INFO: ACC  : 35.13 %
21:20:18 | [train.py] | INFO: F1   : 33.66 %
21:20:18 | [train.py] | INFO: Validation
21:24:57 | [train.py] | INFO: Loss : 1.4016
21:24:57 | [train.py] | INFO: ACC  : 42.36 %
21:24:57 | [train.py] | INFO: F1   : 36.25 %

21:24:57 | [train.py] | INFO: New Best Model found at epoch 1

21:25:12 | [train.py] | INFO: Epoch [2/20] | Step [1/135] | Loss: 1.5531
21:28:11 | [train.py] | INFO: Epoch [2/20] | Step [51/135] | Loss: 1.5680
21:31:12 | [train.py] | INFO: Epoch [2/20] | Step [101/135] | Loss: 1.1432
21:33:12 | [train.py] | INFO: Train
21:33:12 | [train.py] | INFO: Loss : 1.3087
21:33:12 | [train.py] | INFO: ACC  : 44.28 %
21:33:12 | [train.py] | INFO: F1   : 43.78 %
21:33:12 | [train.py] | INFO: Validation
21:37:49 | [train.py] | INFO: Loss : 1.2817
21:37:49 | [train.py] | INFO: ACC  : 45.86 %
21:37:49 | [train.py] | INFO: F1   : 41.77 %

21:37:50 | [train.py] | INFO: New Best Model found at epoch 2

21:38:05 | [train.py] | INFO: Epoch [3/20] | Step [1/135] | Loss: 1.4040
21:41:08 | [train.py] | INFO: Epoch [3/20] | Step [51/135] | Loss: 1.3059
21:44:07 | [train.py] | INFO: Epoch [3/20] | Step [101/135] | Loss: 1.0666
21:46:04 | [train.py] | INFO: Train
21:46:04 | [train.py] | INFO: Loss : 1.2040
21:46:04 | [train.py] | INFO: ACC  : 44.75 %
21:46:04 | [train.py] | INFO: F1   : 44.44 %
21:46:04 | [train.py] | INFO: Validation
21:50:42 | [train.py] | INFO: Loss : 1.1892
21:50:42 | [train.py] | INFO: ACC  : 47.13 %
21:50:42 | [train.py] | INFO: F1   : 39.91 %

21:50:43 | [train.py] | INFO: New Best Model found at epoch 3

21:51:00 | [train.py] | INFO: Epoch [4/20] | Step [1/135] | Loss: 0.8174
21:53:58 | [train.py] | INFO: Epoch [4/20] | Step [51/135] | Loss: 1.1146
21:57:04 | [train.py] | INFO: Epoch [4/20] | Step [101/135] | Loss: 0.8858
21:59:03 | [train.py] | INFO: Train
21:59:03 | [train.py] | INFO: Loss : 1.0906
21:59:03 | [train.py] | INFO: ACC  : 49.91 %
21:59:03 | [train.py] | INFO: F1   : 49.64 %
21:59:03 | [train.py] | INFO: Validation
22:03:39 | [train.py] | INFO: Loss : 1.1194
22:03:39 | [train.py] | INFO: ACC  : 49.44 %
22:03:39 | [train.py] | INFO: F1   : 46.49 %

22:03:39 | [train.py] | INFO: New Best Model found at epoch 4

22:03:55 | [train.py] | INFO: Epoch [5/20] | Step [1/135] | Loss: 1.0879
22:07:05 | [train.py] | INFO: Epoch [5/20] | Step [51/135] | Loss: 0.9167
22:10:11 | [train.py] | INFO: Epoch [5/20] | Step [101/135] | Loss: 1.2339
22:12:11 | [train.py] | INFO: Train
22:12:11 | [train.py] | INFO: Loss : 1.0839
22:12:11 | [train.py] | INFO: ACC  : 50.46 %
22:12:11 | [train.py] | INFO: F1   : 50.22 %
22:12:11 | [train.py] | INFO: Validation
22:16:48 | [train.py] | INFO: Loss : 1.0824
22:16:48 | [train.py] | INFO: ACC  : 48.92 %
22:16:48 | [train.py] | INFO: F1   : 43.62 %

22:16:49 | [train.py] | INFO: New Best Model found at epoch 5

22:17:07 | [train.py] | INFO: Epoch [6/20] | Step [1/135] | Loss: 0.9258
22:20:09 | [train.py] | INFO: Epoch [6/20] | Step [51/135] | Loss: 1.2476
22:23:09 | [train.py] | INFO: Epoch [6/20] | Step [101/135] | Loss: 1.1414
22:25:08 | [train.py] | INFO: Train
22:25:08 | [train.py] | INFO: Loss : 1.0400
22:25:08 | [train.py] | INFO: ACC  : 52.83 %
22:25:08 | [train.py] | INFO: F1   : 52.72 %
22:25:08 | [train.py] | INFO: Validation
22:29:45 | [train.py] | INFO: Loss : 1.0706
22:29:45 | [train.py] | INFO: ACC  : 51.60 %
22:29:45 | [train.py] | INFO: F1   : 48.07 %

22:29:45 | [train.py] | INFO: New Best Model found at epoch 6

22:30:01 | [train.py] | INFO: Epoch [7/20] | Step [1/135] | Loss: 0.9680
22:33:03 | [train.py] | INFO: Epoch [7/20] | Step [51/135] | Loss: 1.3540
22:36:04 | [train.py] | INFO: Epoch [7/20] | Step [101/135] | Loss: 1.1656
22:38:04 | [train.py] | INFO: Train
22:38:04 | [train.py] | INFO: Loss : 1.0101
22:38:04 | [train.py] | INFO: ACC  : 53.72 %
22:38:04 | [train.py] | INFO: F1   : 53.56 %
22:38:04 | [train.py] | INFO: Validation
22:42:41 | [train.py] | INFO: Loss : 1.1058
22:42:41 | [train.py] | INFO: ACC  : 53.84 %
22:42:41 | [train.py] | INFO: F1   : 50.17 %

22:42:57 | [train.py] | INFO: Epoch [8/20] | Step [1/135] | Loss: 0.7791
22:45:57 | [train.py] | INFO: Epoch [8/20] | Step [51/135] | Loss: 0.9797
22:49:01 | [train.py] | INFO: Epoch [8/20] | Step [101/135] | Loss: 0.8923
22:51:00 | [train.py] | INFO: Train
22:51:00 | [train.py] | INFO: Loss : 1.0025
22:51:00 | [train.py] | INFO: ACC  : 53.62 %
22:51:00 | [train.py] | INFO: F1   : 53.38 %
22:51:00 | [train.py] | INFO: Validation
22:55:37 | [train.py] | INFO: Loss : 1.0668
22:55:37 | [train.py] | INFO: ACC  : 55.48 %
22:55:37 | [train.py] | INFO: F1   : 53.37 %

22:55:38 | [train.py] | INFO: New Best Model found at epoch 8

22:55:55 | [train.py] | INFO: Epoch [9/20] | Step [1/135] | Loss: 0.9023
22:58:54 | [train.py] | INFO: Epoch [9/20] | Step [51/135] | Loss: 1.0460
23:02:02 | [train.py] | INFO: Epoch [9/20] | Step [101/135] | Loss: 0.8978
23:04:04 | [train.py] | INFO: Train
23:04:04 | [train.py] | INFO: Loss : 0.9364
23:04:04 | [train.py] | INFO: ACC  : 56.13 %
23:04:04 | [train.py] | INFO: F1   : 55.72 %
23:04:04 | [train.py] | INFO: Validation
23:08:40 | [train.py] | INFO: Loss : 1.0321
23:08:40 | [train.py] | INFO: ACC  : 57.05 %
23:08:40 | [train.py] | INFO: F1   : 54.59 %

23:08:40 | [train.py] | INFO: New Best Model found at epoch 9

23:08:57 | [train.py] | INFO: Epoch [10/20] | Step [1/135] | Loss: 0.8897
23:11:59 | [train.py] | INFO: Epoch [10/20] | Step [51/135] | Loss: 1.1199
23:15:09 | [train.py] | INFO: Epoch [10/20] | Step [101/135] | Loss: 1.0366
23:17:09 | [train.py] | INFO: Train
23:17:09 | [train.py] | INFO: Loss : 0.9123
23:17:09 | [train.py] | INFO: ACC  : 58.78 %
23:17:09 | [train.py] | INFO: F1   : 58.28 %
23:17:09 | [train.py] | INFO: Validation
23:21:47 | [train.py] | INFO: Loss : 1.0545
23:21:47 | [train.py] | INFO: ACC  : 57.35 %
23:21:47 | [train.py] | INFO: F1   : 55.20 %

23:22:03 | [train.py] | INFO: Epoch [11/20] | Step [1/135] | Loss: 0.9119
23:25:04 | [train.py] | INFO: Epoch [11/20] | Step [51/135] | Loss: 1.0477
23:28:07 | [train.py] | INFO: Epoch [11/20] | Step [101/135] | Loss: 0.9653
23:30:05 | [train.py] | INFO: Train
23:30:05 | [train.py] | INFO: Loss : 0.9113
23:30:05 | [train.py] | INFO: ACC  : 59.76 %
23:30:05 | [train.py] | INFO: F1   : 59.49 %
23:30:05 | [train.py] | INFO: Validation
23:34:44 | [train.py] | INFO: Loss : 1.0605
23:34:44 | [train.py] | INFO: ACC  : 59.88 %
23:34:44 | [train.py] | INFO: F1   : 58.54 %

23:35:01 | [train.py] | INFO: Epoch [12/20] | Step [1/135] | Loss: 0.7957
23:38:00 | [train.py] | INFO: Epoch [12/20] | Step [51/135] | Loss: 0.8224
23:40:58 | [train.py] | INFO: Epoch [12/20] | Step [101/135] | Loss: 0.6664
23:42:55 | [train.py] | INFO: Train
23:42:55 | [train.py] | INFO: Loss : 0.8546
23:42:55 | [train.py] | INFO: ACC  : 63.38 %
23:42:55 | [train.py] | INFO: F1   : 63.22 %
23:42:55 | [train.py] | INFO: Validation
23:47:32 | [train.py] | INFO: Loss : 0.9941
23:47:32 | [train.py] | INFO: ACC  : 62.19 %
23:47:32 | [train.py] | INFO: F1   : 60.90 %

23:47:32 | [train.py] | INFO: New Best Model found at epoch 12

23:47:49 | [train.py] | INFO: Epoch [13/20] | Step [1/135] | Loss: 1.0313
23:50:48 | [train.py] | INFO: Epoch [13/20] | Step [51/135] | Loss: 0.8879
23:53:54 | [train.py] | INFO: Epoch [13/20] | Step [101/135] | Loss: 0.9466
23:55:56 | [train.py] | INFO: Train
23:55:56 | [train.py] | INFO: Loss : 0.8591
23:55:56 | [train.py] | INFO: ACC  : 63.43 %
23:55:56 | [train.py] | INFO: F1   : 63.18 %
23:55:56 | [train.py] | INFO: Validation
00:00:34 | [train.py] | INFO: Loss : 0.9975
00:00:34 | [train.py] | INFO: ACC  : 58.24 %
00:00:34 | [train.py] | INFO: F1   : 53.69 %

00:00:50 | [train.py] | INFO: Epoch [14/20] | Step [1/135] | Loss: 0.7321
00:03:50 | [train.py] | INFO: Epoch [14/20] | Step [51/135] | Loss: 0.7503
00:06:52 | [train.py] | INFO: Epoch [14/20] | Step [101/135] | Loss: 0.9888
00:08:51 | [train.py] | INFO: Train
00:08:51 | [train.py] | INFO: Loss : 0.7927
00:08:51 | [train.py] | INFO: ACC  : 66.03 %
00:08:51 | [train.py] | INFO: F1   : 65.77 %
00:08:51 | [train.py] | INFO: Validation
00:13:28 | [train.py] | INFO: Loss : 0.9622
00:13:28 | [train.py] | INFO: ACC  : 64.35 %
00:13:28 | [train.py] | INFO: F1   : 62.12 %

00:13:29 | [train.py] | INFO: New Best Model found at epoch 14

00:13:45 | [train.py] | INFO: Epoch [15/20] | Step [1/135] | Loss: 0.8242
00:16:46 | [train.py] | INFO: Epoch [15/20] | Step [51/135] | Loss: 0.6147
00:19:48 | [train.py] | INFO: Epoch [15/20] | Step [101/135] | Loss: 0.7788
00:21:47 | [train.py] | INFO: Train
00:21:47 | [train.py] | INFO: Loss : 0.7673
00:21:47 | [train.py] | INFO: ACC  : 67.70 %
00:21:47 | [train.py] | INFO: F1   : 67.29 %
00:21:47 | [train.py] | INFO: Validation
00:26:24 | [train.py] | INFO: Loss : 0.9604
00:26:24 | [train.py] | INFO: ACC  : 61.82 %
00:26:24 | [train.py] | INFO: F1   : 61.87 %

00:26:25 | [train.py] | INFO: New Best Model found at epoch 15

00:26:40 | [train.py] | INFO: Epoch [16/20] | Step [1/135] | Loss: 0.9476
00:29:40 | [train.py] | INFO: Epoch [16/20] | Step [51/135] | Loss: 0.7309
00:32:39 | [train.py] | INFO: Epoch [16/20] | Step [101/135] | Loss: 0.9867
00:34:37 | [train.py] | INFO: Train
00:34:37 | [train.py] | INFO: Loss : 0.7364
00:34:37 | [train.py] | INFO: ACC  : 69.75 %
00:34:37 | [train.py] | INFO: F1   : 69.49 %
00:34:37 | [train.py] | INFO: Validation
00:39:12 | [train.py] | INFO: Loss : 0.9605
00:39:12 | [train.py] | INFO: ACC  : 61.74 %
00:39:12 | [train.py] | INFO: F1   : 58.99 %

00:39:28 | [train.py] | INFO: Epoch [17/20] | Step [1/135] | Loss: 0.6530
00:42:32 | [train.py] | INFO: Epoch [17/20] | Step [51/135] | Loss: 0.5710
00:45:37 | [train.py] | INFO: Epoch [17/20] | Step [101/135] | Loss: 0.7060
00:47:34 | [train.py] | INFO: Train
00:47:34 | [train.py] | INFO: Loss : 0.6976
00:47:34 | [train.py] | INFO: ACC  : 72.86 %
00:47:34 | [train.py] | INFO: F1   : 72.61 %
00:47:34 | [train.py] | INFO: Validation
00:52:12 | [train.py] | INFO: Loss : 0.9173
00:52:12 | [train.py] | INFO: ACC  : 64.43 %
00:52:12 | [train.py] | INFO: F1   : 62.04 %

00:52:12 | [train.py] | INFO: New Best Model found at epoch 17

00:52:27 | [train.py] | INFO: Epoch [18/20] | Step [1/135] | Loss: 0.9630
00:55:27 | [train.py] | INFO: Epoch [18/20] | Step [51/135] | Loss: 0.5154
00:58:26 | [train.py] | INFO: Epoch [18/20] | Step [101/135] | Loss: 0.8056
01:00:26 | [train.py] | INFO: Train
01:00:26 | [train.py] | INFO: Loss : 0.6767
01:00:26 | [train.py] | INFO: ACC  : 73.98 %
01:00:26 | [train.py] | INFO: F1   : 73.85 %
01:00:26 | [train.py] | INFO: Validation
01:05:04 | [train.py] | INFO: Loss : 0.9577
01:05:04 | [train.py] | INFO: ACC  : 62.49 %
01:05:04 | [train.py] | INFO: F1   : 59.35 %

01:05:21 | [train.py] | INFO: Epoch [19/20] | Step [1/135] | Loss: 0.4907
01:08:23 | [train.py] | INFO: Epoch [19/20] | Step [51/135] | Loss: 0.6879
01:11:26 | [train.py] | INFO: Epoch [19/20] | Step [101/135] | Loss: 0.7456
01:13:25 | [train.py] | INFO: Train
01:13:25 | [train.py] | INFO: Loss : 0.6351
01:13:25 | [train.py] | INFO: ACC  : 74.77 %
01:13:25 | [train.py] | INFO: F1   : 74.42 %
01:13:25 | [train.py] | INFO: Validation
01:18:02 | [train.py] | INFO: Loss : 0.9002
01:18:02 | [train.py] | INFO: ACC  : 66.44 %
01:18:02 | [train.py] | INFO: F1   : 64.08 %

01:18:02 | [train.py] | INFO: New Best Model found at epoch 19

01:18:17 | [train.py] | INFO: Epoch [20/20] | Step [1/135] | Loss: 0.6467
01:21:16 | [train.py] | INFO: Epoch [20/20] | Step [51/135] | Loss: 0.4923
01:24:17 | [train.py] | INFO: Epoch [20/20] | Step [101/135] | Loss: 0.5711
01:26:15 | [train.py] | INFO: Train
01:26:15 | [train.py] | INFO: Loss : 0.6142
01:26:15 | [train.py] | INFO: ACC  : 75.98 %
01:26:15 | [train.py] | INFO: F1   : 75.75 %
01:26:15 | [train.py] | INFO: Validation
01:30:52 | [train.py] | INFO: Loss : 0.8936
01:30:52 | [train.py] | INFO: ACC  : 66.82 %
01:30:52 | [train.py] | INFO: F1   : 65.42 %

01:30:52 | [train.py] | INFO: New Best Model found at epoch 20

01:30:52 | [train.py] | INFO: Best Model found at epoch 20

01:30:52 | [b6_train.py] | INFO: Test
