15:18:13 | [volleyball_annot_loader.py] | INFO: Loading cached annotations from /kaggle/input/notebooks/myahiia/dataset-annot-loader/data/video_annot.pth
15:18:16 | [volleyball_annot_loader.py] | INFO: Loading cached annotations from /kaggle/input/notebooks/myahiia/dataset-annot-loader/data/video_annot.pth
15:18:18 | [volleyball_annot_loader.py] | INFO: Loading cached annotations from /kaggle/input/notebooks/myahiia/dataset-annot-loader/data/video_annot.pth
15:18:32 | [train_b7_8.py] | INFO: Current Learning Rate: 0.0001
15:18:50 | [train_b7_8.py] | INFO: Epoch [1/30] | Step [1/269] | Loss: 2.0983
15:21:16 | [train_b7_8.py] | INFO: Epoch [1/30] | Step [51/269] | Loss: 1.6513
15:23:49 | [train_b7_8.py] | INFO: Epoch [1/30] | Step [101/269] | Loss: 1.0195
15:26:23 | [train_b7_8.py] | INFO: Epoch [1/30] | Step [151/269] | Loss: 0.8913
15:28:54 | [train_b7_8.py] | INFO: Epoch [1/30] | Step [201/269] | Loss: 1.0857
15:31:24 | [train_b7_8.py] | INFO: Epoch [1/30] | Step [251/269] | Loss: 0.7041
15:32:29 | [train_b7_8.py] | INFO: Train
15:32:29 | [train_b7_8.py] | INFO: Loss : 1.0351
15:32:29 | [train_b7_8.py] | INFO: ACC  : 70.91 %
15:32:29 | [train_b7_8.py] | INFO: F1   : 70.90 %
15:32:29 | [train_b7_8.py] | INFO: Validation
15:38:09 | [train_b7_8.py] | INFO: Loss : 0.5580
15:38:09 | [train_b7_8.py] | INFO: ACC  : 82.55 %
15:38:09 | [train_b7_8.py] | INFO: F1   : 82.56 %

15:38:10 | [train_b7_8.py] | INFO: New Best Model found at epoch 1

15:38:10 | [train_b7_8.py] | INFO: Current Learning Rate: 0.0001
15:38:24 | [train_b7_8.py] | INFO: Epoch [2/30] | Step [1/269] | Loss: 0.2735
15:40:58 | [train_b7_8.py] | INFO: Epoch [2/30] | Step [51/269] | Loss: 0.6825
15:43:37 | [train_b7_8.py] | INFO: Epoch [2/30] | Step [101/269] | Loss: 0.1665
15:46:11 | [train_b7_8.py] | INFO: Epoch [2/30] | Step [151/269] | Loss: 0.5475
15:48:47 | [train_b7_8.py] | INFO: Epoch [2/30] | Step [201/269] | Loss: 0.1055
15:51:18 | [train_b7_8.py] | INFO: Epoch [2/30] | Step [251/269] | Loss: 0.2522
15:52:09 | [train_b7_8.py] | INFO: Train
15:52:09 | [train_b7_8.py] | INFO: Loss : 0.4999
15:52:09 | [train_b7_8.py] | INFO: ACC  : 86.34 %
15:52:09 | [train_b7_8.py] | INFO: F1   : 86.35 %
15:52:09 | [train_b7_8.py] | INFO: Validation
15:57:16 | [train_b7_8.py] | INFO: Loss : 0.4720
15:57:16 | [train_b7_8.py] | INFO: ACC  : 85.31 %
15:57:16 | [train_b7_8.py] | INFO: F1   : 85.33 %

15:57:17 | [train_b7_8.py] | INFO: New Best Model found at epoch 2

15:57:17 | [train_b7_8.py] | INFO: Current Learning Rate: 0.0001
15:57:30 | [train_b7_8.py] | INFO: Epoch [3/30] | Step [1/269] | Loss: 0.4534
15:59:59 | [train_b7_8.py] | INFO: Epoch [3/30] | Step [51/269] | Loss: 0.9018
16:02:33 | [train_b7_8.py] | INFO: Epoch [3/30] | Step [101/269] | Loss: 1.0266
16:05:06 | [train_b7_8.py] | INFO: Epoch [3/30] | Step [151/269] | Loss: 0.5880
16:07:35 | [train_b7_8.py] | INFO: Epoch [3/30] | Step [201/269] | Loss: 0.1132
16:10:09 | [train_b7_8.py] | INFO: Epoch [3/30] | Step [251/269] | Loss: 0.2631
16:10:59 | [train_b7_8.py] | INFO: Train
16:10:59 | [train_b7_8.py] | INFO: Loss : 0.3736
16:10:59 | [train_b7_8.py] | INFO: ACC  : 90.33 %
16:10:59 | [train_b7_8.py] | INFO: F1   : 90.33 %
16:10:59 | [train_b7_8.py] | INFO: Validation
16:16:19 | [train_b7_8.py] | INFO: Loss : 0.5025
16:16:19 | [train_b7_8.py] | INFO: ACC  : 85.09 %
16:16:19 | [train_b7_8.py] | INFO: F1   : 85.08 %

16:16:20 | [train_b7_8.py] | INFO: Current Learning Rate: 0.0001
16:16:32 | [train_b7_8.py] | INFO: Epoch [4/30] | Step [1/269] | Loss: 0.2669
16:19:02 | [train_b7_8.py] | INFO: Epoch [4/30] | Step [51/269] | Loss: 0.2262
16:21:41 | [train_b7_8.py] | INFO: Epoch [4/30] | Step [101/269] | Loss: 0.4634
16:24:12 | [train_b7_8.py] | INFO: Epoch [4/30] | Step [151/269] | Loss: 0.1288
16:26:48 | [train_b7_8.py] | INFO: Epoch [4/30] | Step [201/269] | Loss: 0.3432
16:29:17 | [train_b7_8.py] | INFO: Epoch [4/30] | Step [251/269] | Loss: 0.4279
16:30:07 | [train_b7_8.py] | INFO: Train
16:30:07 | [train_b7_8.py] | INFO: Loss : 0.3351
16:30:07 | [train_b7_8.py] | INFO: ACC  : 89.64 %
16:30:07 | [train_b7_8.py] | INFO: F1   : 89.64 %
16:30:07 | [train_b7_8.py] | INFO: Validation
16:35:27 | [train_b7_8.py] | INFO: Loss : 0.5082
16:35:27 | [train_b7_8.py] | INFO: ACC  : 84.41 %
16:35:27 | [train_b7_8.py] | INFO: F1   : 84.44 %

16:35:28 | [train_b7_8.py] | INFO: Current Learning Rate: 0.0001
16:35:42 | [train_b7_8.py] | INFO: Epoch [5/30] | Step [1/269] | Loss: 0.5460
16:38:13 | [train_b7_8.py] | INFO: Epoch [5/30] | Step [51/269] | Loss: 0.1019
16:40:56 | [train_b7_8.py] | INFO: Epoch [5/30] | Step [101/269] | Loss: 0.5136
16:43:33 | [train_b7_8.py] | INFO: Epoch [5/30] | Step [151/269] | Loss: 0.0732
16:46:13 | [train_b7_8.py] | INFO: Epoch [5/30] | Step [201/269] | Loss: 0.0395
16:48:43 | [train_b7_8.py] | INFO: Epoch [5/30] | Step [251/269] | Loss: 0.0340
16:49:35 | [train_b7_8.py] | INFO: Train
16:49:35 | [train_b7_8.py] | INFO: Loss : 0.2872
16:49:35 | [train_b7_8.py] | INFO: ACC  : 92.05 %
16:49:35 | [train_b7_8.py] | INFO: F1   : 92.05 %
16:49:35 | [train_b7_8.py] | INFO: Validation
16:54:56 | [train_b7_8.py] | INFO: Loss : 0.4999
16:54:56 | [train_b7_8.py] | INFO: ACC  : 85.53 %
16:54:56 | [train_b7_8.py] | INFO: F1   : 85.58 %

16:54:56 | [train_b7_8.py] | INFO: Current Learning Rate: 1e-05
16:55:09 | [train_b7_8.py] | INFO: Epoch [6/30] | Step [1/269] | Loss: 0.0357
16:57:41 | [train_b7_8.py] | INFO: Epoch [6/30] | Step [51/269] | Loss: 0.0809
17:00:21 | [train_b7_8.py] | INFO: Epoch [6/30] | Step [101/269] | Loss: 0.2363
17:02:51 | [train_b7_8.py] | INFO: Epoch [6/30] | Step [151/269] | Loss: 0.1366
17:05:32 | [train_b7_8.py] | INFO: Epoch [6/30] | Step [201/269] | Loss: 0.5339
17:08:05 | [train_b7_8.py] | INFO: Epoch [6/30] | Step [251/269] | Loss: 0.0616
17:08:56 | [train_b7_8.py] | INFO: Train
17:08:56 | [train_b7_8.py] | INFO: Loss : 0.2517
17:08:56 | [train_b7_8.py] | INFO: ACC  : 93.36 %
17:08:56 | [train_b7_8.py] | INFO: F1   : 93.35 %
17:08:56 | [train_b7_8.py] | INFO: Validation
17:14:17 | [train_b7_8.py] | INFO: Loss : 0.5128
17:14:17 | [train_b7_8.py] | INFO: ACC  : 85.83 %
17:14:17 | [train_b7_8.py] | INFO: F1   : 85.87 %

17:14:18 | [train_b7_8.py] | WARNING: Early stopping triggered at epoch 6

17:14:18 | [train_b7_8.py] | INFO: Best Model found at epoch 2

17:14:18 | [b7_train.py] | INFO: Test
17:19:56 | [b7_train.py] | INFO: Loss : 0.4700
17:19:56 | [b7_train.py] | INFO: ACC  : 87.58 %
17:19:56 | [b7_train.py] | INFO: F1   : 87.58 %

17:19:56 | [b7_train.py] | INFO: Create Report in outputs/B7
17:19:56 | [b7_train.py] | INFO: Create Confusion Matrix in outputs/B7